{"/Users/damacm168/Documents/22-Oct-2024-Jest/main.js": {"path":"/Users/damacm168/Documents/22-Oct-2024-Jest/main.js","statementMap":{"0":{"start":{"line":4,"column":4},"end":{"line":4,"column":17}},"1":{"start":{"line":8,"column":4},"end":{"line":8,"column":17}},"2":{"start":{"line":12,"column":4},"end":{"line":12,"column":17}},"3":{"start":{"line":16,"column":4},"end":{"line":17,"column":59}},"4":{"start":{"line":17,"column":8},"end":{"line":17,"column":59}},"5":{"start":{"line":18,"column":4},"end":{"line":18,"column":17}}},"fnMap":{"0":{"name":"sum","decl":{"start":{"line":3,"column":16},"end":{"line":3,"column":19}},"loc":{"start":{"line":3,"column":27},"end":{"line":5,"column":1}},"line":3},"1":{"name":"subtract","decl":{"start":{"line":7,"column":16},"end":{"line":7,"column":24}},"loc":{"start":{"line":7,"column":32},"end":{"line":9,"column":1}},"line":7},"2":{"name":"multiply","decl":{"start":{"line":11,"column":16},"end":{"line":11,"column":24}},"loc":{"start":{"line":11,"column":32},"end":{"line":13,"column":1}},"line":11},"3":{"name":"divide","decl":{"start":{"line":15,"column":16},"end":{"line":15,"column":22}},"loc":{"start":{"line":15,"column":29},"end":{"line":19,"column":1}},"line":15}},"branchMap":{"0":{"loc":{"start":{"line":16,"column":4},"end":{"line":17,"column":59}},"type":"if","locations":[{"start":{"line":16,"column":4},"end":{"line":17,"column":59}},{"start":{},"end":{}}],"line":16}},"s":{"0":1,"1":1,"2":1,"3":1,"4":1,"5":0},"f":{"0":1,"1":1,"2":1,"3":1},"b":{"0":[1,0]},"_coverageSchema":"1a1c01bbd47fc00a2c39e90264f33305004495a9","hash":"4d6a55e6b1ac7c10073ab6fb912bf9f6d3490294"}
}
